<?xml version="1.0" encoding="UTF-8"?>
<testsuite xmlns:xsi="http://www.w3.org/2001/XMLSchema-instance" xsi:noNamespaceSchemaLocation="https://maven.apache.org/surefire/maven-surefire-plugin/xsd/surefire-test-report.xsd" version="3.0.2" name="com.ingressos.IngressosApplicationTests" time="5.827" tests="1" errors="0" skipped="0" failures="1">
  <properties>
[...]
</properties>
  <testcase name="deveCriarEventoComDadosValidos" classname="com.ingressos.IngressosApplicationTests" time="0.447">
    <failure message="Status expected:&lt;201&gt; but was:&lt;400&gt;" type="java.lang.AssertionError"><![CDATA[java.lang.AssertionError: Status expected:<201> but was:<400>
	at org.springframework.test.util.AssertionErrors.fail(AssertionErrors.java:61)
	at org.springframework.test.util.AssertionErrors.assertEquals(AssertionErrors.java:128)
	at org.springframework.test.web.servlet.result.StatusResultMatchers.lambda$matcher$9(StatusResultMatchers.java:640)
	at org.springframework.test.web.servlet.MockMvc$1.andExpect(MockMvc.java:214)
	at com.ingressos.IngressosApplicationTests.deveCriarEventoComDadosValidos(IngressosApplicationTests.java:26)
	at java.base/java.lang.reflect.Method.invoke(Method.java:569)
	at java.base/java.util.ArrayList.forEach(ArrayList.java:1511)
	at java.base/java.util.ArrayList.forEach(ArrayList.java:1511)
]]></failure>
    <system-out><![CDATA[20:37:51.374 [main] INFO org.springframework.test.context.support.AnnotationConfigContextLoaderUtils -- Could not detect default configuration classes for test class [com.ingressos.IngressosApplicationTests]: IngressosApplicationTests does not declare any static, non-private, non-final, nested classes annotated with @Configuration.
20:37:51.506 [main] INFO org.springframework.boot.test.context.SpringBootTestContextBootstrapper -- Found @SpringBootConfiguration com.ingressos.IngressosApplication for test class com.ingressos.IngressosApplicationTests

  .   ____          _            __ _ _
 /\\ / ___'_ __ _ _(_)_ __  __ _ \ \ \ \
( ( )\___ | '_ | '_| | '_ \/ _` | \ \ \ \
 \\/  ___)| |_)| | | | | || (_| |  ) ) ) )
  '  |____| .__|_| |_|_| |_\__, | / / / /
 =========|_|==============|___/=/_/_/_/

 :: Spring Boot ::                (v3.5.0)

2026-08-31T20:37:52.010-03:00  INFO 20692 --- [           main] c.ingressos.IngressosApplicationTests    : Starting IngressosApplicationTests using Java 17.0.19 with PID 20692 (started by renat in C:\Users\renat\Documents\Code\Atividades 5 periodo\CyberSecurity\Atividade 3\backend)
2026-08-31T20:37:52.011-03:00  INFO 20692 --- [           main] c.ingressos.IngressosApplicationTests    : No active profile set, falling back to 1 default profile: "default"
2026-08-31T20:37:52.750-03:00  INFO 20692 --- [           main] .s.d.r.c.RepositoryConfigurationDelegate : Bootstrapping Spring Data JPA repositories in DEFAULT mode.
2026-08-31T20:37:52.821-03:00  INFO 20692 --- [           main] .s.d.r.c.RepositoryConfigurationDelegate : Finished Spring Data repository scanning in 58 ms. Found 3 JPA repository interfaces.
2026-08-31T20:37:53.329-03:00  INFO 20692 --- [           main] o.hibernate.jpa.internal.util.LogHelper  : HHH000204: Processing PersistenceUnitInfo [name: default]
2026-08-31T20:37:53.396-03:00  INFO 20692 --- [           main] org.hibernate.Version                    : HHH000412: Hibernate ORM core version 6.6.15.Final
2026-08-31T20:37:53.433-03:00  INFO 20692 --- [           main] o.h.c.internal.RegionFactoryInitiator    : HHH000026: Second-level cache disabled
2026-08-31T20:37:53.795-03:00  INFO 20692 --- [           main] o.s.o.j.p.SpringPersistenceUnitInfo      : No LoadTimeWeaver setup: ignoring JPA class transformer
2026-08-31T20:37:53.830-03:00  INFO 20692 --- [           main] com.zaxxer.hikari.HikariDataSource       : HikariPool-1 - Starting...
2026-08-31T20:37:54.166-03:00  INFO 20692 --- [           main] com.zaxxer.hikari.pool.HikariPool        : HikariPool-1 - Added connection com.mysql.cj.jdbc.ConnectionImpl@1a819901
2026-08-31T20:37:54.169-03:00  INFO 20692 --- [           main] com.zaxxer.hikari.HikariDataSource       : HikariPool-1 - Start completed.
2026-08-31T20:37:54.257-03:00  INFO 20692 --- [           main] org.hibernate.orm.connections.pooling    : HHH10001005: Database info:
	Database JDBC URL [Connecting through datasource 'HikariDataSource (HikariPool-1)']
	Database driver: undefined/unknown
	Database version: 8.0.46
	Autocommit mode: undefined/unknown
	Isolation level: undefined/unknown
	Minimum pool size: undefined/unknown
	Maximum pool size: undefined/unknown
2026-08-31T20:37:55.124-03:00  INFO 20692 --- [           main] o.h.e.t.j.p.i.JtaPlatformInitiator       : HHH000489: No JTA platform available (set 'hibernate.transaction.jta.platform' to enable JTA platform integration)
2026-08-31T20:37:55.175-03:00  INFO 20692 --- [           main] j.LocalContainerEntityManagerFactoryBean : Initialized JPA EntityManagerFactory for persistence unit 'default'
2026-08-31T20:37:55.544-03:00  WARN 20692 --- [           main] JpaBaseConfiguration$JpaWebConfiguration : spring.jpa.open-in-view is enabled by default. Therefore, database queries may be performed during view rendering. Explicitly configure spring.jpa.open-in-view to disable this warning
2026-08-31T20:37:55.785-03:00  WARN 20692 --- [           main] .s.s.UserDetailsServiceAutoConfiguration : 

Using generated security password: 85afd595-0608-436b-bdfa-c3145807b257

This generated password is for development use only. Your security configuration must be updated before running your application in production.

2026-08-31T20:37:55.794-03:00  INFO 20692 --- [           main] r$InitializeUserDetailsManagerConfigurer : Global AuthenticationManager configured with UserDetailsService bean with name inMemoryUserDetailsManager
2026-08-31T20:37:56.229-03:00  INFO 20692 --- [           main] o.s.b.t.m.w.SpringBootMockServletContext : Initializing Spring TestDispatcherServlet ''
2026-08-31T20:37:56.229-03:00  INFO 20692 --- [           main] o.s.t.web.servlet.TestDispatcherServlet  : Initializing Servlet ''
2026-08-31T20:37:56.230-03:00  INFO 20692 --- [           main] o.s.t.web.servlet.TestDispatcherServlet  : Completed initialization in 1 ms
2026-08-31T20:37:56.256-03:00  INFO 20692 --- [           main] c.ingressos.IngressosApplicationTests    : Started IngressosApplicationTests in 4.556 seconds (process running for 5.502)

MockHttpServletRequest:
      HTTP Method = POST
      Request URI = /admin/eventos
       Parameters = {}
          Headers = [Content-Type:"application/json;charset=UTF-8", Content-Length:"83"]
             Body = {"descricao":"Evento teste","tipo":"SHOW","preco":100.00,"ingressosDisponiveis":10}
    Session Attrs = {}

Handler:
             Type = com.ingressos.controller.AdministradorController
           Method = com.ingressos.controller.AdministradorController#criarEvento(Evento)

Async:
    Async started = false
     Async result = null

Resolved Exception:
             Type = com.ingressos.exception.RegraNegocioException

ModelAndView:
        View name = null
             View = null
            Model = null

FlashMap:
       Attributes = null

MockHttpServletResponse:
           Status = 400
    Error message = null
          Headers = [Vary:"Origin", "Access-Control-Request-Method", "Access-Control-Request-Headers", Content-Type:"application/json", X-Content-Type-Options:"nosniff", X-XSS-Protection:"0", Cache-Control:"no-cache, no-store, max-age=0, must-revalidate", Pragma:"no-cache", Expires:"0", X-Frame-Options:"DENY"]
     Content type = application/json
             Body = {"erro":"O tipo do evento é obrigatório."}
    Forwarded URL = null
   Redirected URL = null
          Cookies = []
]]></system-out>
  </testcase>
</testsuite>